This is pdfTeX, Version 3.14159265-2.6-1.40.16 (TeX Live 2015/Debian) (preloaded format=pdflatex 2017.8.25)  12 DEC 2017 17:14
entering extended mode
 restricted \write18 enabled.
 %&-line parsing enabled.
**egpaper_final.tex

(/home/gbledt/MIT/Fall 2017/6.869 - Computer Vision/MITCheetahStereoVision/Repo
rt/egpaper_final.tex
LaTeX2e <2016/02/01>
Babel <3.9q> and hyphenation patterns for 81 language(s) loaded.
(/usr/share/texlive/texmf-dist/tex/latex/base/article.cls
Document Class: article 2014/09/29 v1.4h Standard LaTeX document class
(/usr/share/texlive/texmf-dist/tex/latex/base/size10.clo
File: size10.clo 2014/09/29 v1.4h Standard LaTeX file (size option)
)
\c@part=\count79
\c@section=\count80
\c@subsection=\count81
\c@subsubsection=\count82
\c@paragraph=\count83
\c@subparagraph=\count84
\c@figure=\count85
\c@table=\count86
\abovecaptionskip=\skip41
\belowcaptionskip=\skip42
\bibindent=\dimen102
)
(/home/gbledt/MIT/Fall 2017/6.869 - Computer Vision/MITCheetahStereoVision/Repo
rt/cvpr.sty
(/home/gbledt/MIT/Fall 2017/6.869 - Computer Vision/MITCheetahStereoVision/Repo
rt/eso-pic.sty
Package: eso-pic 2002/11/16 v1.1b eso-pic (RN)

(/home/gbledt/MIT/Fall 2017/6.869 - Computer Vision/MITCheetahStereoVision/Repo
rt/cvpr_eso.sty

LaTeX Warning: You have requested package `eso-pic',
               but the package provides `everyshi'.

Package: everyshi 2001/05/15 v3.00 EveryShipout Package (MS)
) (/usr/share/texlive/texmf-dist/tex/latex/graphics/keyval.sty
Package: keyval 2014/10/28 v1.15 key=value parser (DPC)
\KV@toks@=\toks14
))
(/usr/share/texlive/texmf-dist/tex/latex/tools/xspace.sty
Package: xspace 2014/10/28 v1.13 Space after command names (DPC,MH)
)
CVPR 8.5 x 11-Inch Proceedings Style `cvpr.sty'.
\@ctmp=\skip43
\@figindent=\skip44
\cvprrulerbox=\box26
\cvprrulercount=\count87
\cvprruleroffset=\dimen103
\cv@lineheight=\dimen104
\cv@boxheight=\dimen105
\cv@tmpbox=\box27
\cv@refno=\count88
\cv@tot=\count89
\cv@tmpc@=\count90
\cv@tmpc=\count91
) (/usr/share/texlive/texmf-dist/tex/latex/psnfss/times.sty
Package: times 2005/04/12 PSNFSS-v9.2a (SPQR) 
)
(/usr/share/texlive/texmf-dist/tex/latex/graphics/epsfig.sty
Package: epsfig 1999/02/16 v1.7a (e)psfig emulation (SPQR)

(/usr/share/texlive/texmf-dist/tex/latex/graphics/graphicx.sty
Package: graphicx 2014/10/28 v1.0g Enhanced LaTeX Graphics (DPC,SPQR)

(/usr/share/texlive/texmf-dist/tex/latex/graphics/graphics.sty
Package: graphics 2016/01/03 v1.0q Standard LaTeX Graphics (DPC,SPQR)

(/usr/share/texlive/texmf-dist/tex/latex/graphics/trig.sty
Package: trig 2016/01/03 v1.10 sin cos tan (DPC)
)
(/usr/share/texlive/texmf-dist/tex/latex/latexconfig/graphics.cfg
File: graphics.cfg 2010/04/23 v1.9 graphics configuration of TeX Live
)
Package graphics Info: Driver file: pdftex.def on input line 95.

(/usr/share/texlive/texmf-dist/tex/latex/pdftex-def/pdftex.def
File: pdftex.def 2011/05/27 v0.06d Graphics/color for pdfTeX

(/usr/share/texlive/texmf-dist/tex/generic/oberdiek/infwarerr.sty
Package: infwarerr 2010/04/08 v1.3 Providing info/warning/error messages (HO)
)
(/usr/share/texlive/texmf-dist/tex/generic/oberdiek/ltxcmds.sty
Package: ltxcmds 2011/11/09 v1.22 LaTeX kernel commands for general use (HO)
)
\Gread@gobject=\count92
))
\Gin@req@height=\dimen106
\Gin@req@width=\dimen107
)
\epsfxsize=\dimen108
\epsfysize=\dimen109
)
(/usr/share/texlive/texmf-dist/tex/latex/amsmath/amsmath.sty
Package: amsmath 2016/03/03 v2.15a AMS math features
\@mathmargin=\skip45

For additional information on amsmath, use the `?' option.
(/usr/share/texlive/texmf-dist/tex/latex/amsmath/amstext.sty
Package: amstext 2000/06/29 v2.01 AMS text

(/usr/share/texlive/texmf-dist/tex/latex/amsmath/amsgen.sty
File: amsgen.sty 1999/11/30 v2.0 generic functions
\@emptytoks=\toks15
\ex@=\dimen110
))
(/usr/share/texlive/texmf-dist/tex/latex/amsmath/amsbsy.sty
Package: amsbsy 1999/11/29 v1.2d Bold Symbols
\pmbraise@=\dimen111
)
(/usr/share/texlive/texmf-dist/tex/latex/amsmath/amsopn.sty
Package: amsopn 1999/12/14 v2.01 operator names
)
\inf@bad=\count93
LaTeX Info: Redefining \frac on input line 199.
\uproot@=\count94
\leftroot@=\count95
LaTeX Info: Redefining \overline on input line 297.
\classnum@=\count96
\DOTSCASE@=\count97
LaTeX Info: Redefining \ldots on input line 394.
LaTeX Info: Redefining \dots on input line 397.
LaTeX Info: Redefining \cdots on input line 518.
\Mathstrutbox@=\box28
\strutbox@=\box29
\big@size=\dimen112
LaTeX Font Info:    Redeclaring font encoding OML on input line 630.
LaTeX Font Info:    Redeclaring font encoding OMS on input line 631.
\macc@depth=\count98
\c@MaxMatrixCols=\count99
\dotsspace@=\muskip10
\c@parentequation=\count100
\dspbrk@lvl=\count101
\tag@help=\toks16
\row@=\count102
\column@=\count103
\maxfields@=\count104
\andhelp@=\toks17
\eqnshift@=\dimen113
\alignsep@=\dimen114
\tagshift@=\dimen115
\tagwidth@=\dimen116
\totwidth@=\dimen117
\lineht@=\dimen118
\@envbody=\toks18
\multlinegap=\skip46
\multlinetaggap=\skip47
\mathdisplay@stack=\toks19
LaTeX Info: Redefining \[ on input line 2735.
LaTeX Info: Redefining \] on input line 2736.
)
(/usr/share/texlive/texmf-dist/tex/latex/amsfonts/amssymb.sty
Package: amssymb 2013/01/14 v3.01 AMS font symbols

(/usr/share/texlive/texmf-dist/tex/latex/amsfonts/amsfonts.sty
Package: amsfonts 2013/01/14 v3.01 Basic AMSFonts support
\symAMSa=\mathgroup4
\symAMSb=\mathgroup5
LaTeX Font Info:    Overwriting math alphabet `\mathfrak' in version `bold'
(Font)                  U/euf/m/n --> U/euf/b/n on input line 106.
))
(/usr/share/texlive/texmf-dist/tex/latex/calrsfs/calrsfs.sty
\symrsfscript=\mathgroup6
)
(/usr/share/texlive/texmf-dist/tex/latex/hyperref/hyperref.sty
Package: hyperref 2012/11/06 v6.83m Hypertext links for LaTeX

(/usr/share/texlive/texmf-dist/tex/generic/oberdiek/hobsub-hyperref.sty
Package: hobsub-hyperref 2012/05/28 v1.13 Bundle oberdiek, subset hyperref (HO)


(/usr/share/texlive/texmf-dist/tex/generic/oberdiek/hobsub-generic.sty
Package: hobsub-generic 2012/05/28 v1.13 Bundle oberdiek, subset generic (HO)
Package: hobsub 2012/05/28 v1.13 Construct package bundles (HO)
Package hobsub Info: Skipping package `infwarerr' (already loaded).
Package hobsub Info: Skipping package `ltxcmds' (already loaded).
Package: ifluatex 2010/03/01 v1.3 Provides the ifluatex switch (HO)
Package ifluatex Info: LuaTeX not detected.
Package: ifvtex 2010/03/01 v1.5 Detect VTeX and its facilities (HO)
Package ifvtex Info: VTeX not detected.
Package: intcalc 2007/09/27 v1.1 Expandable calculations with integers (HO)
Package: ifpdf 2011/01/30 v2.3 Provides the ifpdf switch (HO)
Package ifpdf Info: pdfTeX in PDF mode is detected.
Package: etexcmds 2011/02/16 v1.5 Avoid name clashes with e-TeX commands (HO)
Package etexcmds Info: Could not find \expanded.
(etexcmds)             That can mean that you are not using pdfTeX 1.50 or
(etexcmds)             that some package has redefined \expanded.
(etexcmds)             In the latter case, load this package earlier.
Package: kvsetkeys 2012/04/25 v1.16 Key value parser (HO)
Package: kvdefinekeys 2011/04/07 v1.3 Define keys (HO)
Package: pdftexcmds 2011/11/29 v0.20 Utility functions of pdfTeX for LuaTeX (HO
)
Package pdftexcmds Info: LuaTeX not detected.
Package pdftexcmds Info: \pdf@primitive is available.
Package pdftexcmds Info: \pdf@ifprimitive is available.
Package pdftexcmds Info: \pdfdraftmode found.
Package: pdfescape 2011/11/25 v1.13 Implements pdfTeX's escape features (HO)
Package: bigintcalc 2012/04/08 v1.3 Expandable calculations on big integers (HO
)
Package: bitset 2011/01/30 v1.1 Handle bit-vector datatype (HO)
Package: uniquecounter 2011/01/30 v1.2 Provide unlimited unique counter (HO)
)
Package hobsub Info: Skipping package `hobsub' (already loaded).
Package: letltxmacro 2010/09/02 v1.4 Let assignment for LaTeX macros (HO)
Package: hopatch 2012/05/28 v1.2 Wrapper for package hooks (HO)
Package: xcolor-patch 2011/01/30 xcolor patch
Package: atveryend 2011/06/30 v1.8 Hooks at the very end of document (HO)
Package atveryend Info: \enddocument detected (standard20110627).
Package: atbegshi 2011/10/05 v1.16 At begin shipout hook (HO)
Package: refcount 2011/10/16 v3.4 Data extraction from label references (HO)
Package: hycolor 2011/01/30 v1.7 Color options for hyperref/bookmark (HO)
)
(/usr/share/texlive/texmf-dist/tex/generic/ifxetex/ifxetex.sty
Package: ifxetex 2010/09/12 v0.6 Provides ifxetex conditional
)
(/usr/share/texlive/texmf-dist/tex/latex/oberdiek/auxhook.sty
Package: auxhook 2011/03/04 v1.3 Hooks for auxiliary files (HO)
)
(/usr/share/texlive/texmf-dist/tex/latex/oberdiek/kvoptions.sty
Package: kvoptions 2011/06/30 v3.11 Key value format for package options (HO)
)
\@linkdim=\dimen119
\Hy@linkcounter=\count105
\Hy@pagecounter=\count106

(/usr/share/texlive/texmf-dist/tex/latex/hyperref/pd1enc.def
File: pd1enc.def 2012/11/06 v6.83m Hyperref: PDFDocEncoding definition (HO)
)
\Hy@SavedSpaceFactor=\count107

(/usr/share/texlive/texmf-dist/tex/latex/latexconfig/hyperref.cfg
File: hyperref.cfg 2002/06/06 v1.2 hyperref configuration of TeXLive
)
Package hyperref Info: Option `breaklinks' set `true' on input line 4319.
Package hyperref Info: Option `bookmarks' set `false' on input line 4319.
Package hyperref Info: Hyper figures OFF on input line 4443.
Package hyperref Info: Link nesting OFF on input line 4448.
Package hyperref Info: Hyper index ON on input line 4451.
Package hyperref Info: Plain pages OFF on input line 4458.
Package hyperref Info: Backreferencing OFF on input line 4463.
Package hyperref Info: Implicit mode ON; LaTeX internals redefined.
Package hyperref Info: Bookmarks OFF on input line 4694.
\c@Hy@tempcnt=\count108

(/usr/share/texlive/texmf-dist/tex/latex/url/url.sty
\Urlmuskip=\muskip11
Package: url 2013/09/16  ver 3.4  Verb mode for urls, etc.
)
LaTeX Info: Redefining \url on input line 5041.
\XeTeXLinkMargin=\dimen120
\Fld@menulength=\count109
\Field@Width=\dimen121
\Fld@charsize=\dimen122
Package hyperref Info: Hyper figures OFF on input line 6295.
Package hyperref Info: Link nesting OFF on input line 6300.
Package hyperref Info: Hyper index ON on input line 6303.
Package hyperref Info: backreferencing OFF on input line 6310.
Package hyperref Info: Link coloring OFF on input line 6315.
Package hyperref Info: Link coloring with OCG OFF on input line 6320.
Package hyperref Info: PDF/A mode OFF on input line 6325.
LaTeX Info: Redefining \ref on input line 6365.
LaTeX Info: Redefining \pageref on input line 6369.
\Hy@abspage=\count110
\c@Item=\count111
\c@Hfootnote=\count112
)

Package hyperref Message: Driver (autodetected): hpdftex.

(/usr/share/texlive/texmf-dist/tex/latex/hyperref/hpdftex.def
File: hpdftex.def 2012/11/06 v6.83m Hyperref driver for pdfTeX
\Fld@listcount=\count113
\c@bookmark@seq@number=\count114

(/usr/share/texlive/texmf-dist/tex/latex/oberdiek/rerunfilecheck.sty
Package: rerunfilecheck 2011/04/15 v1.7 Rerun checks for auxiliary files (HO)
Package uniquecounter Info: New unique counter `rerunfilecheck' on input line 2
82.
)
\Hy@SectionHShift=\skip48
)
(/home/gbledt/MIT/Fall 2017/6.869 - Computer Vision/MITCheetahStereoVision/Repo
rt/egpaper_final.aux)
\openout1 = `egpaper_final.aux'.

LaTeX Font Info:    Checking defaults for OML/cmm/m/it on input line 30.
LaTeX Font Info:    ... okay on input line 30.
LaTeX Font Info:    Checking defaults for T1/cmr/m/n on input line 30.
LaTeX Font Info:    ... okay on input line 30.
LaTeX Font Info:    Checking defaults for OT1/cmr/m/n on input line 30.
LaTeX Font Info:    ... okay on input line 30.
LaTeX Font Info:    Checking defaults for OMS/cmsy/m/n on input line 30.
LaTeX Font Info:    ... okay on input line 30.
LaTeX Font Info:    Checking defaults for OMX/cmex/m/n on input line 30.
LaTeX Font Info:    ... okay on input line 30.
LaTeX Font Info:    Checking defaults for U/cmr/m/n on input line 30.
LaTeX Font Info:    ... okay on input line 30.
LaTeX Font Info:    Checking defaults for PD1/pdf/m/n on input line 30.
LaTeX Font Info:    ... okay on input line 30.
LaTeX Font Info:    Try loading font information for OT1+ptm on input line 30.
 (/usr/share/texlive/texmf-dist/tex/latex/psnfss/ot1ptm.fd
File: ot1ptm.fd 2001/06/04 font definitions for OT1/ptm.
) ABD: EveryShipout initializing macros
(/usr/share/texlive/texmf-dist/tex/latex/graphics/color.sty
Package: color 2016/01/03 v1.1b Standard LaTeX Color (DPC)

(/usr/share/texlive/texmf-dist/tex/latex/latexconfig/color.cfg
File: color.cfg 2007/01/18 v1.5 color configuration of teTeX/TeXLive
)
Package color Info: Driver file: pdftex.def on input line 143.
)
(/usr/share/texlive/texmf-dist/tex/context/base/supp-pdf.mkii
[Loading MPS to PDF converter (version 2006.09.02).]
\scratchcounter=\count115
\scratchdimen=\dimen123
\scratchbox=\box30
\nofMPsegments=\count116
\nofMParguments=\count117
\everyMPshowfont=\toks20
\MPscratchCnt=\count118
\MPscratchDim=\dimen124
\MPnumerator=\count119
\makeMPintoPDFobject=\count120
\everyMPtoPDFconversion=\toks21
) (/usr/share/texlive/texmf-dist/tex/latex/oberdiek/epstopdf-base.sty
Package: epstopdf-base 2010/02/09 v2.5 Base part for package epstopdf

(/usr/share/texlive/texmf-dist/tex/latex/oberdiek/grfext.sty
Package: grfext 2010/08/19 v1.1 Manage graphics extensions (HO)
)
Package grfext Info: Graphics extension search list:
(grfext)             [.png,.pdf,.jpg,.mps,.jpeg,.jbig2,.jb2,.PNG,.PDF,.JPG,.JPE
G,.JBIG2,.JB2,.eps]
(grfext)             \AppendGraphicsExtensions on input line 452.

(/usr/share/texlive/texmf-dist/tex/latex/latexconfig/epstopdf-sys.cfg
File: epstopdf-sys.cfg 2010/07/13 v1.3 Configuration of (r)epstopdf for TeX Liv
e
))
\AtBeginShipoutBox=\box31
Package atbegshi Info: Package `everyshi' patched.
Package hyperref Info: Link coloring OFF on input line 30.

(/usr/share/texlive/texmf-dist/tex/latex/hyperref/nameref.sty
Package: nameref 2012/10/27 v2.43 Cross-referencing by name of section

(/usr/share/texlive/texmf-dist/tex/generic/oberdiek/gettitlestring.sty
Package: gettitlestring 2010/12/03 v1.4 Cleanup title references (HO)
)
\c@section@level=\count121
)
LaTeX Info: Redefining \ref on input line 30.
LaTeX Info: Redefining \pageref on input line 30.
LaTeX Info: Redefining \nameref on input line 30.
LaTeX Font Info:    Font shape `OT1/ptm/bx/n' in size <14.4> not available
(Font)              Font shape `OT1/ptm/b/n' tried instead on input line 53.
LaTeX Font Info:    Try loading font information for U+msa on input line 53.

(/usr/share/texlive/texmf-dist/tex/latex/amsfonts/umsa.fd
File: umsa.fd 2013/01/14 v3.01 AMS symbols A
)
LaTeX Font Info:    Try loading font information for U+msb on input line 53.

(/usr/share/texlive/texmf-dist/tex/latex/amsfonts/umsb.fd
File: umsb.fd 2013/01/14 v3.01 AMS symbols B
)
LaTeX Font Info:    Try loading font information for OMS+rsfs on input line 53.


(/usr/share/texlive/texmf-dist/tex/latex/calrsfs/OMSrsfs.fd)
LaTeX Font Info:    Try loading font information for OT1+pcr on input line 53.

(/usr/share/texlive/texmf-dist/tex/latex/psnfss/ot1pcr.fd
File: ot1pcr.fd 2001/06/04 font definitions for OT1/pcr.
)
LaTeX Font Info:    Font shape `OT1/ptm/bx/n' in size <12> not available
(Font)              Font shape `OT1/ptm/b/n' tried instead on input line 55.

(/home/gbledt/MIT/Fall 2017/6.869 - Computer Vision/MITCheetahStereoVision/Repo
rt/Sections/Introduction.tex
<Figures/RobotIntro.pdf, id=6, 1211.52625pt x 636.3775pt>
File: Figures/RobotIntro.pdf Graphic file (type pdf)

<use Figures/RobotIntro.pdf>
Package pdftex.def Info: Figures/RobotIntro.pdf used on input line 11.
(pdftex.def)             Requested size: 237.13594pt x 124.55435pt.
)
(/home/gbledt/MIT/Fall 2017/6.869 - Computer Vision/MITCheetahStereoVision/Repo
rt/Sections/Related-Work.tex) [4321{/var/lib/texmf/fonts/map/pdftex/updmap/pdft
ex.map}


 </home/gbledt/MIT/Fall 2017/6.869 - Computer Vision/MITCheetahStereoVision/Rep
ort/Figures/RobotIntro.pdf>]
(/home/gbledt/MIT/Fall 2017/6.869 - Computer Vision/MITCheetahStereoVision/Repo
rt/Sections/Approach.tex
LaTeX Font Info:    Font shape `OT1/ptm/bx/n' in size <10> not available
(Font)              Font shape `OT1/ptm/b/n' tried instead on input line 4.


LaTeX Warning: Reference `pointcloud-section' on page 4322 undefined on input l
ine 4.


<Sections/Figures/Final-Project-Pipeline.png, id=36, 362.35374pt x 422.57875pt>
File: Sections/Figures/Final-Project-Pipeline.png Graphic file (type png)
<use Sections/Figures/Final-Project-Pipeline.png>
Package pdftex.def Info: Sections/Figures/Final-Project-Pipeline.png used on in
put line 9.
(pdftex.def)             Requested size: 144.54pt x 168.56424pt.

<Sections/Figures/example_stereo_pair.jpg, id=39, 837.88031pt x 402.75468pt>
File: Sections/Figures/example_stereo_pair.jpg Graphic file (type jpg)

<use Sections/Figures/example_stereo_pair.jpg>
Package pdftex.def Info: Sections/Figures/example_stereo_pair.jpg used on input
 line 18.
(pdftex.def)             Requested size: 238.49121pt x 114.63878pt.

Overfull \hbox (1.35527pt too wide) in paragraph at lines 18--19
 [][] 
 []


LaTeX Warning: `!h' float specifier changed to `!ht'.

<Sections/Figures/stereo_anaglyph.png, id=40, 425.33907pt x 375.65344pt>
File: Sections/Figures/stereo_anaglyph.png Graphic file (type png)

<use Sections/Figures/stereo_anaglyph.png>
Package pdftex.def Info: Sections/Figures/stereo_anaglyph.png used on input lin
e 25.
(pdftex.def)             Requested size: 166.2212pt x 146.8023pt.


LaTeX Warning: `!h' float specifier changed to `!ht'.


Underfull \vbox (badness 2050) has occurred while \output is active []


<Sections/Figures/example_stairs_pointcloud.jpg, id=43, 1405.25pt x 1053.9375pt
>
File: Sections/Figures/example_stairs_pointcloud.jpg Graphic file (type jpg)
 <use Sections/Figures/example_stairs_pointcloud.jpg>
Package pdftex.def Info: Sections/Figures/example_stairs_pointcloud.jpg used on
 input line 39.
(pdftex.def)             Requested size: 238.49121pt x 178.86145pt.

Overfull \hbox (1.35527pt too wide) in paragraph at lines 39--40
 [][] 
 []


LaTeX Warning: `!h' float specifier changed to `!ht'.

[4322 </home/gbledt/MIT/Fall 2017/6.869 - Computer Vision/MITCheetahStereoVisio
n/Report/Sections/Figures/Final-Project-Pipeline.png> </home/gbledt/MIT/Fall 20
17/6.869 - Computer Vision/MITCheetahStereoVision/Report/Sections/Figures/examp
le_stereo_pair.jpg> </home/gbledt/MIT/Fall 2017/6.869 - Computer Vision/MITChee
tahStereoVision/Report/Sections/Figures/stereo_anaglyph.png>]
<Sections/Figures/good_contour_plot_12-7.png, id=73, 1053.9375pt x 790.45313pt>
File: Sections/Figures/good_contour_plot_12-7.png Graphic file (type png)
<use Sections/Figures/good_contour_plot_12-7.png>
Package pdftex.def Info: Sections/Figures/good_contour_plot_12-7.png used on in
put line 64.
(pdftex.def)             Requested size: 180.67499pt x 135.49695pt.

Underfull \hbox (badness 1845) in paragraph at lines 77--77
[] \elvbf . Poly-tope Re-con-struc-tion from Un-ordered
 []

[4323 </home/gbledt/MIT/Fall 2017/6.869 - Computer Vision/MITCheetahStereoVisio
n/Report/Sections/Figures/example_stairs_pointcloud.jpg> </home/gbledt/MIT/Fall
 2017/6.869 - Computer Vision/MITCheetahStereoVision/Report/Sections/Figures/go
od_contour_plot_12-7.png (PNG copy)>]
<Sections/Figures/polytope_example.png, id=87, 821.31844pt x 713.66624pt>
File: Sections/Figures/polytope_example.png Graphic file (type png)

<use Sections/Figures/polytope_example.png>
Package pdftex.def Info: Sections/Figures/polytope_example.png used on input li
ne 85.
(pdftex.def)             Requested size: 180.67499pt x 156.98528pt.

<Sections/Figures/polytope_sideview.png, id=92, 1053.9375pt x 790.45313pt>
File: Sections/Figures/polytope_sideview.png Graphic file (type png)

<use Sections/Figures/polytope_sideview.png>
Package pdftex.def Info: Sections/Figures/polytope_sideview.png used on input l
ine 92.
(pdftex.def)             Requested size: 180.67499pt x 135.49695pt.

<Sections/Figures/polytope_diagonal_geom.jpg, id=96, 931.22906pt x 642.14906pt>
File: Sections/Figures/polytope_diagonal_geom.jpg Graphic file (type jpg)
<use Sections/Figures/polytope_diagonal_geom.jpg>
Package pdftex.def Info: Sections/Figures/polytope_diagonal_geom.jpg used on in
put line 102.
(pdftex.def)             Requested size: 238.49121pt x 164.45622pt.

Overfull \hbox (1.35527pt too wide) in paragraph at lines 102--103
 [][] 
 []


LaTeX Warning: `!h' float specifier changed to `!ht'.

<Sections/Figures/geom_sideview_2d.jpg, id=103, 1405.25pt x 1053.9375pt>
File: Sections/Figures/geom_sideview_2d.jpg Graphic file (type jpg)

<use Sections/Figures/geom_sideview_2d.jpg>
Package pdftex.def Info: Sections/Figures/geom_sideview_2d.jpg used on input li
ne 109.
(pdftex.def)             Requested size: 180.67499pt x 135.50499pt.


LaTeX Warning: `!h' float specifier changed to `!ht'.

)
(/home/gbledt/MIT/Fall 2017/6.869 - Computer Vision/MITCheetahStereoVision/Repo
rt/Sections/Results.tex
<Sections/Figures/simmons-stereo-pair.jpg, id=112, 1049.42062pt x 446.41782pt>
File: Sections/Figures/simmons-stereo-pair.jpg Graphic file (type jpg)

<use Sections/Figures/simmons-stereo-pair.jpg>
Package pdftex.def Info: Sections/Figures/simmons-stereo-pair.jpg used on input
 line 11.
(pdftex.def)             Requested size: 237.13594pt x 100.87563pt.
 [4324 </home/gbledt/MIT/Fall 2017/6.869 - Computer Vision/MITCheetahStereoVisi
on/Report/Sections/Figures/polytope_example.png> </home/gbledt/MIT/Fall 2017/6.
869 - Computer Vision/MITCheetahStereoVision/Report/Sections/Figures/polytope_s
ideview.png (PNG copy)> </home/gbledt/MIT/Fall 2017/6.869 - Computer Vision/MIT
CheetahStereoVision/Report/Sections/Figures/polytope_diagonal_geom.jpg> </home/
gbledt/MIT/Fall 2017/6.869 - Computer Vision/MITCheetahStereoVision/Report/Sect
ions/Figures/geom_sideview_2d.jpg>]
<Sections/Figures/simmons-stairs-diagonal-geom.jpg, id=125, 779.91376pt x 593.9
6906pt>
File: Sections/Figures/simmons-stairs-diagonal-geom.jpg Graphic file (type jpg)

 <use Sections/Figures/simmons-stairs-diagonal-geom.jpg>
Package pdftex.def Info: Sections/Figures/simmons-stairs-diagonal-geom.jpg used
 on input line 32.
(pdftex.def)             Requested size: 237.13594pt x 180.59384pt.

<Figures/BlockDiagram.pdf, id=127, 862.22125pt x 302.12875pt>
File: Figures/BlockDiagram.pdf Graphic file (type pdf)

<use Figures/BlockDiagram.pdf>
Package pdftex.def Info: Figures/BlockDiagram.pdf used on input line 42.
(pdftex.def)             Requested size: 237.13594pt x 83.09258pt.


LaTeX Warning: `!h' float specifier changed to `!ht'.

! Undefined control sequence.
l.47 ...in the 3D camera frame, ${}^\mathcal{C}\bm
                                                  {p}_o$, and apply the foll...
The control sequence at the end of the top line
of your error message was never \def'ed. If you have
misspelled it (e.g., `\hobx'), type `I' and the correct
spelling (e.g., `I\hbox'). Otherwise just continue,
and I'll forget about whatever was undefined.

! Undefined control sequence.
l.50 {}^\mathcal{I}\bm
                      {p}_o = {}^\mathcal{I}\bm{H}_\mathcal{C}{}^\mathcal{C}...
The control sequence at the end of the top line
of your error message was never \def'ed. If you have
misspelled it (e.g., `\hobx'), type `I' and the correct
spelling (e.g., `I\hbox'). Otherwise just continue,
and I'll forget about whatever was undefined.

! Undefined control sequence.
l.50 {}^\mathcal{I}\bm{p}_o = {}^\mathcal{I}\bm
                                               {H}_\mathcal{C}{}^\mathcal{C}...
The control sequence at the end of the top line
of your error message was never \def'ed. If you have
misspelled it (e.g., `\hobx'), type `I' and the correct
spelling (e.g., `I\hbox'). Otherwise just continue,
and I'll forget about whatever was undefined.

! Undefined control sequence.
l.50 ...hcal{I}\bm{H}_\mathcal{C}{}^\mathcal{C}\bm
                                                  {p}_o
The control sequence at the end of the top line
of your error message was never \def'ed. If you have
misspelled it (e.g., `\hobx'), type `I' and the correct
spelling (e.g., `I\hbox'). Otherwise just continue,
and I'll forget about whatever was undefined.

! Undefined control sequence.
l.53 where ${}^\mathcal{I}\bm
                             {H}_\mathcal{C}$ is the homogeneous transformat...
The control sequence at the end of the top line
of your error message was never \def'ed. If you have
misspelled it (e.g., `\hobx'), type `I' and the correct
spelling (e.g., `I\hbox'). Otherwise just continue,
and I'll forget about whatever was undefined.

<Figures/RobotStairsRelation.pdf, id=129, 611.28375pt x 380.42125pt>
File: Figures/RobotStairsRelation.pdf Graphic file (type pdf)

<use Figures/RobotStairsRelation.pdf>
Package pdftex.def Info: Figures/RobotStairsRelation.pdf used on input line 56.

(pdftex.def)             Requested size: 237.13594pt x 147.57423pt.

! Undefined control sequence.
l.62 ({}^\Psi\bm
                {p}_{CoM,x} - {}^\Psi\bm{p}_{0,x}) < (d - d_{buffer})
The control sequence at the end of the top line
of your error message was never \def'ed. If you have
misspelled it (e.g., `\hobx'), type `I' and the correct
spelling (e.g., `I\hbox'). Otherwise just continue,
and I'll forget about whatever was undefined.

! Undefined control sequence.
l.62 ({}^\Psi\bm{p}_{CoM,x} - {}^\Psi\bm
                                        {p}_{0,x}) < (d - d_{buffer})
The control sequence at the end of the top line
of your error message was never \def'ed. If you have
misspelled it (e.g., `\hobx'), type `I' and the correct
spelling (e.g., `I\hbox'). Otherwise just continue,
and I'll forget about whatever was undefined.

! Undefined control sequence.
l.64 where ${}^\Psi\bm
                      {p}_{CoM,x}$ is the yaw rotated CoM position ignoring ...
The control sequence at the end of the top line
of your error message was never \def'ed. If you have
misspelled it (e.g., `\hobx'), type `I' and the correct
spelling (e.g., `I\hbox'). Otherwise just continue,
and I'll forget about whatever was undefined.

! Undefined control sequence.
l.64 ...noring pitch and roll effects, ${}^\Psi\bm
                                                  {p}_{0,x}$ is the yaw rota...
The control sequence at the end of the top line
of your error message was never \def'ed. If you have
misspelled it (e.g., `\hobx'), type `I' and the correct
spelling (e.g., `I\hbox'). Otherwise just continue,
and I'll forget about whatever was undefined.

[4325 </home/gbledt/MIT/Fall 2017/6.869 - Computer Vision/MITCheetahStereoVisio
n/Report/Sections/Figures/simmons-stereo-pair.jpg> </home/gbledt/MIT/Fall 2017/
6.869 - Computer Vision/MITCheetahStereoVision/Report/Sections/Figures/simmons-
stairs-diagonal-geom.jpg> </home/gbledt/MIT/Fall 2017/6.869 - Computer Vision/M
ITCheetahStereoVision/Report/Figures/BlockDiagram.pdf> </home/gbledt/MIT/Fall 2
017/6.869 - Computer Vision/MITCheetahStereoVision/Report/Figures/RobotStairsRe
lation.pdf

pdfTeX warning: pdflatex (file /home/gbledt/MIT/Fall 2017/6.869 - Computer Visi
on/MITCheetahStereoVision/Report/Figures/RobotStairsRelation.pdf): PDF inclusio
n: multiple pdfs with page group included in a single page
>] <Figures/RobotStairs.pdf, id=156, 455.7025pt x 415.5525pt>
File: Figures/RobotStairs.pdf Graphic file (type pdf)

<use Figures/RobotStairs.pdf>
Package pdftex.def Info: Figures/RobotStairs.pdf used on input line 72.
(pdftex.def)             Requested size: 201.56699pt x 183.80746pt.
)
(/home/gbledt/MIT/Fall 2017/6.869 - Computer Vision/MITCheetahStereoVision/Repo
rt/Sections/Conclusion.tex)
(/home/gbledt/MIT/Fall 2017/6.869 - Computer Vision/MITCheetahStereoVision/Repo
rt/Sections/IndividualContribution.tex)
(/home/gbledt/MIT/Fall 2017/6.869 - Computer Vision/MITCheetahStereoVision/Repo
rt/egpaper_final.bbl)
Package atveryend Info: Empty hook `BeforeClearDocument' on input line 79.
 [4326 </home/gbledt/MIT/Fall 2017/6.869 - Computer Vision/MITCheetahStereoVisi
on/Report/Figures/RobotStairs.pdf>]
Package atveryend Info: Empty hook `AfterLastShipout' on input line 79.

(/home/gbledt/MIT/Fall 2017/6.869 - Computer Vision/MITCheetahStereoVision/Repo
rt/egpaper_final.aux)
Package atveryend Info: Executing hook `AtVeryEndDocument' on input line 79.
Package atveryend Info: Empty hook `AtEndAfterFileList' on input line 79.


LaTeX Warning: There were undefined references.

Package atveryend Info: Empty hook `AtVeryVeryEnd' on input line 79.
 ) 
Here is how much of TeX's memory you used:
 6465 strings out of 493029
 97078 string characters out of 6136234
 182824 words of memory out of 5000000
 9813 multiletter control sequences out of 15000+600000
 29161 words of font info for 71 fonts, out of 8000000 for 9000
 1141 hyphenation exceptions out of 8191
 34i,9n,26p,1201b,349s stack positions out of 5000i,500n,10000p,200000b,80000s
{/usr/share/texlive/texmf-dist/fonts/enc/dvips/base/8r.enc}</usr/share/texliv
e/texmf-dist/fonts/type1/public/amsfonts/cm/cmex10.pfb></usr/share/texlive/texm
f-dist/fonts/type1/public/amsfonts/cm/cmmi10.pfb></usr/share/texlive/texmf-dist
/fonts/type1/public/amsfonts/cm/cmmi5.pfb></usr/share/texlive/texmf-dist/fonts/
type1/public/amsfonts/cm/cmmi7.pfb></usr/share/texlive/texmf-dist/fonts/type1/p
ublic/amsfonts/cm/cmr10.pfb></usr/share/texlive/texmf-dist/fonts/type1/public/a
msfonts/cm/cmr7.pfb></usr/share/texlive/texmf-dist/fonts/type1/public/amsfonts/
cm/cmsy10.pfb></usr/share/texlive/texmf-dist/fonts/type1/public/amsfonts/cm/cms
y7.pfb></usr/share/texlive/texmf-dist/fonts/type1/public/rsfs/rsfs7.pfb></usr/s
hare/texlive/texmf-dist/fonts/type1/urw/courier/ucrr8a.pfb></usr/share/texlive/
texmf-dist/fonts/type1/urw/times/utmb8a.pfb></usr/share/texlive/texmf-dist/font
s/type1/urw/times/utmr8a.pfb></usr/share/texlive/texmf-dist/fonts/type1/urw/tim
es/utmr8a.pfb></usr/share/texlive/texmf-dist/fonts/type1/urw/times/utmri8a.pfb>

Output written on "/home/gbledt/MIT/Fall 2017/6.869 - Computer Vision/MITCheeta
hStereoVision/Report/egpaper_final.pdf" (6 pages, 3254310 bytes).
PDF statistics:
 230 PDF objects out of 1000 (max. 8388607)
 172 compressed objects within 2 object streams
 45 named destinations out of 1000 (max. 500000)
 76 words of extra memory for PDF output out of 10000 (max. 10000000)

